<?xml version="1.0" encoding="UTF-8"?>
<!-- Generated by org.testng.reporters.JUnitXMLReporter -->
<testsuite ignored="0" hostname="LAPTOP-HL60RPLJ" failures="0" tests="12" name="JPetStore App Test Cases" time="60.559" errors="0" timestamp="2023-10-26T00:02:55 IST">
  <testcase classname="com.pet.testcases.LoginPageTest" name="loginPageTitleTest" time="0.559"/>
  <testcase classname="com.pet.testcases.LoginPageTest" name="loginPageLogoTest" time="0.477"/>
  <testcase classname="com.pet.testcases.LoginPageTest" name="loginTest" time="0.765"/>
  <testcase classname="com.pet.testcases.HomePageTest" name="verifyTitleTest" time="0.086"/>
  <testcase classname="com.pet.testcases.HomePageTest" name="verifyLogoTest" time="0.115"/>
  <testcase classname="com.pet.testcases.HomePageTest" name="verifyFishLink" time="0.362"/>
  <testcase classname="com.pet.testcases.HomePageTest" name="verifyBirdsLink" time="0.455"/>
  <testcase classname="com.pet.testcases.HomePageTest" name="verifyReptilesLink" time="0.475"/>
  <testcase classname="com.pet.testcases.FishPageTest" name="validateFishLabel" time="0.135"/>
  <testcase classname="com.pet.testcases.FishPageTest" name="clickOnAngelFishLink" time="0.57"/>
  <testcase classname="com.pet.testcases.FishPageTest" name="clickOnTigerSharkLink" time="0.49"/>
  <testcase classname="com.pet.testcases.FishPageTest" name="clickOnReturnToMainMenuLink" time="0.705"/>
</testsuite> <!-- JPetStore App Test Cases -->
