<?xml version="1.0" encoding="UTF-8"?>
<!-- Generated by org.testng.reporters.JUnitXMLReporter -->
<testsuite ignored="0" hostname="LAPTOP-HL60RPLJ" failures="0" tests="14" name="Default test" time="45.503" errors="0" timestamp="2023-10-25T23:27:30 IST">
  <testcase classname="com.pet.testcases.HomePageTest" name="verifyTitleTest" time="0.017"/>
  <testcase classname="com.pet.testcases.HomePageTest" name="verifyLogoTest" time="0.048"/>
  <testcase classname="com.pet.testcases.HomePageTest" name="verifyFishLink" time="0.269"/>
  <testcase classname="com.pet.testcases.HomePageTest" name="verifyBirdsLink" time="0.295"/>
  <testcase classname="com.pet.testcases.HomePageTest" name="verifyReptilesLink" time="0.287"/>
  <testcase classname="com.pet.testcases.LoginPageTest" name="loginPageTitleTest" time="0.01"/>
  <testcase classname="com.pet.testcases.LoginPageTest" name="loginPageLogoTest" time="0.043"/>
  <testcase classname="com.pet.testcases.LoginPageTest" name="loginTest" time="0.474"/>
  <testcase classname="com.pet.testcases.FishPageTest" name="validateFishLabel" time="0.035"/>
  <testcase classname="com.pet.testcases.FishPageTest" name="clickOnAngelFishLink" time="0.28"/>
  <testcase classname="com.pet.testcases.FishPageTest" name="clickOnTigerSharkLink" time="0.294"/>
  <testcase classname="com.pet.testcases.FishPageTest" name="clickOnReturnToMainMenuLink" time="0.531"/>
  <testcase classname="com.pet.testcases.SignUpPageTest" name="validateTitleTest" time="0.036"/>
  <testcase classname="com.pet.testcases.SignUpPageTest" name="validateCreateAccountTest" time="1.489"/>
</testsuite> <!-- Default test -->
