<?xml version="1.0" encoding="UTF-8"?>
<testng-results ignored="0" total="12" passed="12" failed="0" skipped="0">
  <reporter-output>
  </reporter-output>
  <suite started-at="2023-10-26T00:01:54 IST" name="JPetStore Test Automation Suite" finished-at="2023-10-26T00:02:55 IST" duration-ms="60559">
    <groups>
    </groups>
    <test started-at="2023-10-26T00:01:54 IST" name="JPetStore App Test Cases" finished-at="2023-10-26T00:02:55 IST" duration-ms="60559">
      <class name="com.pet.testcases.HomePageTest">
        <test-method is-config="true" signature="setUp()[pri:0, instance:com.pet.testcases.HomePageTest@7a35b0f5]" started-at="2023-10-26T00:02:11 IST" name="setUp" finished-at="2023-10-26T00:02:18 IST" duration-ms="6482" status="PASS">
          <reporter-output>
          </reporter-output>
        </test-method> <!-- setUp -->
        <test-method signature="verifyTitleTest()[pri:1, instance:com.pet.testcases.HomePageTest@7a35b0f5]" started-at="2023-10-26T00:02:18 IST" name="verifyTitleTest" finished-at="2023-10-26T00:02:18 IST" duration-ms="86" status="PASS">
          <reporter-output>
          </reporter-output>
        </test-method> <!-- verifyTitleTest -->
        <test-method is-config="true" signature="tearDown()[pri:0, instance:com.pet.testcases.HomePageTest@7a35b0f5]" started-at="2023-10-26T00:02:18 IST" name="tearDown" finished-at="2023-10-26T00:02:18 IST" duration-ms="266" status="PASS">
          <reporter-output>
          </reporter-output>
        </test-method> <!-- tearDown -->
        <test-method is-config="true" signature="setUp()[pri:0, instance:com.pet.testcases.HomePageTest@7a35b0f5]" started-at="2023-10-26T00:02:18 IST" name="setUp" finished-at="2023-10-26T00:02:22 IST" duration-ms="3246" status="PASS">
          <reporter-output>
          </reporter-output>
        </test-method> <!-- setUp -->
        <test-method signature="verifyLogoTest()[pri:2, instance:com.pet.testcases.HomePageTest@7a35b0f5]" started-at="2023-10-26T00:02:22 IST" name="verifyLogoTest" finished-at="2023-10-26T00:02:22 IST" duration-ms="115" status="PASS">
          <reporter-output>
          </reporter-output>
        </test-method> <!-- verifyLogoTest -->
        <test-method is-config="true" signature="tearDown()[pri:0, instance:com.pet.testcases.HomePageTest@7a35b0f5]" started-at="2023-10-26T00:02:22 IST" name="tearDown" finished-at="2023-10-26T00:02:22 IST" duration-ms="280" status="PASS">
          <reporter-output>
          </reporter-output>
        </test-method> <!-- tearDown -->
        <test-method is-config="true" signature="setUp()[pri:0, instance:com.pet.testcases.HomePageTest@7a35b0f5]" started-at="2023-10-26T00:02:22 IST" name="setUp" finished-at="2023-10-26T00:02:25 IST" duration-ms="3254" status="PASS">
          <reporter-output>
          </reporter-output>
        </test-method> <!-- setUp -->
        <test-method signature="verifyFishLink()[pri:3, instance:com.pet.testcases.HomePageTest@7a35b0f5]" started-at="2023-10-26T00:02:25 IST" name="verifyFishLink" finished-at="2023-10-26T00:02:26 IST" duration-ms="362" status="PASS">
          <reporter-output>
          </reporter-output>
        </test-method> <!-- verifyFishLink -->
        <test-method is-config="true" signature="tearDown()[pri:0, instance:com.pet.testcases.HomePageTest@7a35b0f5]" started-at="2023-10-26T00:02:26 IST" name="tearDown" finished-at="2023-10-26T00:02:26 IST" duration-ms="353" status="PASS">
          <reporter-output>
          </reporter-output>
        </test-method> <!-- tearDown -->
        <test-method is-config="true" signature="setUp()[pri:0, instance:com.pet.testcases.HomePageTest@7a35b0f5]" started-at="2023-10-26T00:02:26 IST" name="setUp" finished-at="2023-10-26T00:02:33 IST" duration-ms="7131" status="PASS">
          <reporter-output>
          </reporter-output>
        </test-method> <!-- setUp -->
        <test-method signature="verifyBirdsLink()[pri:4, instance:com.pet.testcases.HomePageTest@7a35b0f5]" started-at="2023-10-26T00:02:33 IST" name="verifyBirdsLink" finished-at="2023-10-26T00:02:34 IST" duration-ms="455" status="PASS">
          <reporter-output>
          </reporter-output>
        </test-method> <!-- verifyBirdsLink -->
        <test-method is-config="true" signature="tearDown()[pri:0, instance:com.pet.testcases.HomePageTest@7a35b0f5]" started-at="2023-10-26T00:02:34 IST" name="tearDown" finished-at="2023-10-26T00:02:34 IST" duration-ms="265" status="PASS">
          <reporter-output>
          </reporter-output>
        </test-method> <!-- tearDown -->
        <test-method is-config="true" signature="setUp()[pri:0, instance:com.pet.testcases.HomePageTest@7a35b0f5]" started-at="2023-10-26T00:02:34 IST" name="setUp" finished-at="2023-10-26T00:02:37 IST" duration-ms="3047" status="PASS">
          <reporter-output>
          </reporter-output>
        </test-method> <!-- setUp -->
        <test-method signature="verifyReptilesLink()[pri:5, instance:com.pet.testcases.HomePageTest@7a35b0f5]" started-at="2023-10-26T00:02:37 IST" name="verifyReptilesLink" finished-at="2023-10-26T00:02:37 IST" duration-ms="475" status="PASS">
          <reporter-output>
          </reporter-output>
        </test-method> <!-- verifyReptilesLink -->
        <test-method is-config="true" signature="tearDown()[pri:0, instance:com.pet.testcases.HomePageTest@7a35b0f5]" started-at="2023-10-26T00:02:38 IST" name="tearDown" finished-at="2023-10-26T00:02:38 IST" duration-ms="314" status="PASS">
          <reporter-output>
          </reporter-output>
        </test-method> <!-- tearDown -->
      </class> <!-- com.pet.testcases.HomePageTest -->
      <class name="com.pet.testcases.FishPageTest">
        <test-method is-config="true" signature="setUp()[pri:0, instance:com.pet.testcases.FishPageTest@5e2c3d18]" started-at="2023-10-26T00:02:38 IST" name="setUp" finished-at="2023-10-26T00:02:41 IST" duration-ms="3599" status="PASS">
          <reporter-output>
          </reporter-output>
        </test-method> <!-- setUp -->
        <test-method signature="validateFishLabel()[pri:1, instance:com.pet.testcases.FishPageTest@5e2c3d18]" started-at="2023-10-26T00:02:41 IST" name="validateFishLabel" finished-at="2023-10-26T00:02:42 IST" duration-ms="135" status="PASS">
          <reporter-output>
          </reporter-output>
        </test-method> <!-- validateFishLabel -->
        <test-method is-config="true" signature="tearDown()[pri:0, instance:com.pet.testcases.FishPageTest@5e2c3d18]" started-at="2023-10-26T00:02:42 IST" name="tearDown" finished-at="2023-10-26T00:02:42 IST" duration-ms="169" status="PASS">
          <reporter-output>
          </reporter-output>
        </test-method> <!-- tearDown -->
        <test-method is-config="true" signature="setUp()[pri:0, instance:com.pet.testcases.FishPageTest@5e2c3d18]" started-at="2023-10-26T00:02:42 IST" name="setUp" finished-at="2023-10-26T00:02:45 IST" duration-ms="3384" status="PASS">
          <reporter-output>
          </reporter-output>
        </test-method> <!-- setUp -->
        <test-method signature="clickOnAngelFishLink()[pri:2, instance:com.pet.testcases.FishPageTest@5e2c3d18]" started-at="2023-10-26T00:02:45 IST" name="clickOnAngelFishLink" finished-at="2023-10-26T00:02:46 IST" duration-ms="570" status="PASS">
          <reporter-output>
          </reporter-output>
        </test-method> <!-- clickOnAngelFishLink -->
        <test-method is-config="true" signature="tearDown()[pri:0, instance:com.pet.testcases.FishPageTest@5e2c3d18]" started-at="2023-10-26T00:02:46 IST" name="tearDown" finished-at="2023-10-26T00:02:46 IST" duration-ms="120" status="PASS">
          <reporter-output>
          </reporter-output>
        </test-method> <!-- tearDown -->
        <test-method is-config="true" signature="setUp()[pri:0, instance:com.pet.testcases.FishPageTest@5e2c3d18]" started-at="2023-10-26T00:02:46 IST" name="setUp" finished-at="2023-10-26T00:02:49 IST" duration-ms="3433" status="PASS">
          <reporter-output>
          </reporter-output>
        </test-method> <!-- setUp -->
        <test-method signature="clickOnTigerSharkLink()[pri:3, instance:com.pet.testcases.FishPageTest@5e2c3d18]" started-at="2023-10-26T00:02:49 IST" name="clickOnTigerSharkLink" finished-at="2023-10-26T00:02:50 IST" duration-ms="490" status="PASS">
          <reporter-output>
          </reporter-output>
        </test-method> <!-- clickOnTigerSharkLink -->
        <test-method is-config="true" signature="tearDown()[pri:0, instance:com.pet.testcases.FishPageTest@5e2c3d18]" started-at="2023-10-26T00:02:50 IST" name="tearDown" finished-at="2023-10-26T00:02:50 IST" duration-ms="207" status="PASS">
          <reporter-output>
          </reporter-output>
        </test-method> <!-- tearDown -->
        <test-method is-config="true" signature="setUp()[pri:0, instance:com.pet.testcases.FishPageTest@5e2c3d18]" started-at="2023-10-26T00:02:50 IST" name="setUp" finished-at="2023-10-26T00:02:54 IST" duration-ms="3821" status="PASS">
          <reporter-output>
          </reporter-output>
        </test-method> <!-- setUp -->
        <test-method signature="clickOnReturnToMainMenuLink()[pri:4, instance:com.pet.testcases.FishPageTest@5e2c3d18]" started-at="2023-10-26T00:02:54 IST" name="clickOnReturnToMainMenuLink" finished-at="2023-10-26T00:02:55 IST" duration-ms="705" status="PASS">
          <reporter-output>
          </reporter-output>
        </test-method> <!-- clickOnReturnToMainMenuLink -->
        <test-method is-config="true" signature="tearDown()[pri:0, instance:com.pet.testcases.FishPageTest@5e2c3d18]" started-at="2023-10-26T00:02:55 IST" name="tearDown" finished-at="2023-10-26T00:02:55 IST" duration-ms="139" status="PASS">
          <reporter-output>
          </reporter-output>
        </test-method> <!-- tearDown -->
      </class> <!-- com.pet.testcases.FishPageTest -->
      <class name="com.pet.testcases.LoginPageTest">
        <test-method is-config="true" signature="setUp()[pri:0, instance:com.pet.testcases.LoginPageTest@17f62e33]" started-at="2023-10-26T00:01:55 IST" name="setUp" finished-at="2023-10-26T00:02:03 IST" duration-ms="7702" status="PASS">
          <reporter-output>
          </reporter-output>
        </test-method> <!-- setUp -->
        <test-method signature="loginPageTitleTest()[pri:1, instance:com.pet.testcases.LoginPageTest@17f62e33]" started-at="2023-10-26T00:02:03 IST" name="loginPageTitleTest" finished-at="2023-10-26T00:02:03 IST" duration-ms="559" status="PASS">
          <reporter-output>
          </reporter-output>
        </test-method> <!-- loginPageTitleTest -->
        <test-method is-config="true" signature="tearDown()[pri:0, instance:com.pet.testcases.LoginPageTest@17f62e33]" started-at="2023-10-26T00:02:04 IST" name="tearDown" finished-at="2023-10-26T00:02:04 IST" duration-ms="324" status="PASS">
          <reporter-output>
          </reporter-output>
        </test-method> <!-- tearDown -->
        <test-method is-config="true" signature="setUp()[pri:0, instance:com.pet.testcases.LoginPageTest@17f62e33]" started-at="2023-10-26T00:02:04 IST" name="setUp" finished-at="2023-10-26T00:02:07 IST" duration-ms="2531" status="PASS">
          <reporter-output>
          </reporter-output>
        </test-method> <!-- setUp -->
        <test-method signature="loginPageLogoTest()[pri:2, instance:com.pet.testcases.LoginPageTest@17f62e33]" started-at="2023-10-26T00:02:07 IST" name="loginPageLogoTest" finished-at="2023-10-26T00:02:07 IST" duration-ms="477" status="PASS">
          <reporter-output>
          </reporter-output>
        </test-method> <!-- loginPageLogoTest -->
        <test-method is-config="true" signature="tearDown()[pri:0, instance:com.pet.testcases.LoginPageTest@17f62e33]" started-at="2023-10-26T00:02:07 IST" name="tearDown" finished-at="2023-10-26T00:02:08 IST" duration-ms="426" status="PASS">
          <reporter-output>
          </reporter-output>
        </test-method> <!-- tearDown -->
        <test-method is-config="true" signature="setUp()[pri:0, instance:com.pet.testcases.LoginPageTest@17f62e33]" started-at="2023-10-26T00:02:08 IST" name="setUp" finished-at="2023-10-26T00:02:10 IST" duration-ms="2788" status="PASS">
          <reporter-output>
          </reporter-output>
        </test-method> <!-- setUp -->
        <test-method signature="loginTest()[pri:3, instance:com.pet.testcases.LoginPageTest@17f62e33]" started-at="2023-10-26T00:02:10 IST" name="loginTest" finished-at="2023-10-26T00:02:11 IST" duration-ms="765" status="PASS">
          <reporter-output>
          </reporter-output>
        </test-method> <!-- loginTest -->
        <test-method is-config="true" signature="tearDown()[pri:0, instance:com.pet.testcases.LoginPageTest@17f62e33]" started-at="2023-10-26T00:02:11 IST" name="tearDown" finished-at="2023-10-26T00:02:11 IST" duration-ms="186" status="PASS">
          <reporter-output>
          </reporter-output>
        </test-method> <!-- tearDown -->
      </class> <!-- com.pet.testcases.LoginPageTest -->
    </test> <!-- JPetStore App Test Cases -->
  </suite> <!-- JPetStore Test Automation Suite -->
</testng-results>
